<?xml version="1.0" encoding="UTF-8"?>
<!-- Generated by org.testng.reporters.JUnitXMLReporter -->
<testsuite ignored="0" hostname="DESKTOP-H1ECC4V" failures="1" tests="1" name="Test" time="29.763" errors="0" timestamp="2022-05-11T22:32:10 CDT">
  <testcase classname="script.ValidLogin" name="testValidLogin" time="12.482">
    <failure type="java.lang.AssertionError" message="Home page is not displayed expected [true] but found [false]">
      <![CDATA[java.lang.AssertionError: Home page is not displayed expected [true] but found [false]
at script.ValidLogin.testValidLogin(ValidLogin.java:31)
at java.base/java.util.ArrayList.forEach(ArrayList.java:1541)
... Removed 30 stack frames]]>
    </failure>
  </testcase> <!-- testValidLogin -->
</testsuite> <!-- Test -->
